<?xml version="1.0" encoding="UTF-8"?>
<!-- Generated by org.testng.reporters.JUnitReportReporter -->
<testsuite skipped="0" hostname="DESKTOP-VF6HSB6" name="testNG.Tester19" tests="1" failures="0" timestamp="2020-06-08T12:01:52 IST" time="32.032" errors="0">
  <testcase name="login" time="32.032" classname="testNG.Tester19"/>
  <system-out/>
</testsuite> <!-- testNG.Tester19 -->
