<?xml version="1.0" encoding="UTF-8"?>
<!-- Generated by org.testng.reporters.JUnitReportReporter -->
<testsuite skipped="0" hostname="DESKTOP-VF6HSB6" name="testNG.Tester18" tests="1" failures="0" timestamp="2020-06-03T16:06:34 IST" time="13.214" errors="0">
  <testcase name="wikipedia" time="13.214" classname="testNG.Tester18"/>
  <system-out/>
</testsuite> <!-- testNG.Tester18 -->
