<?xml version="1.0" encoding="UTF-8"?>
<!-- Generated by org.testng.reporters.JUnitReportReporter -->
<testsuite skipped="0" hostname="DESKTOP-VF6HSB6" name="testNG.Tester4" tests="3" failures="0" timestamp="2020-06-03T11:53:35 IST" time="0.017" errors="0">
  <testcase name="m3" time="0.001" classname="testNG.Tester4"/>
  <system-out>
This is  a m3 Method  </system-out>
  <testcase name="m1" time="0.014" classname="testNG.Tester4"/>
  <system-out>
This is  a m1 Method  </system-out>
  <testcase name="m2" time="0.002" classname="testNG.Tester4"/>
  <system-out>
This is  a m2 Method  </system-out>
</testsuite> <!-- testNG.Tester4 -->
