<?xml version="1.0" encoding="UTF-8"?>
<!-- Generated by org.testng.reporters.JUnitReportReporter -->
<testsuite skipped="0" hostname="DESKTOP-VF6HSB6" name="testNG.Tester11" tests="2" failures="0" timestamp="2020-06-03T14:43:11 IST" time="0.001" errors="0">
  <testcase name="createCustomer" time="0.001" classname="testNG.Tester11"/>
  <system-out>
Create Customer  </system-out>
  <testcase name="createProject" time="0.000" classname="testNG.Tester11"/>
  <system-out>
Create Project  </system-out>
</testsuite> <!-- testNG.Tester11 -->
