<?xml version="1.0" encoding="UTF-8"?>
<!-- Generated by org.testng.reporters.JUnitReportReporter -->
<testsuite skipped="0" hostname="DESKTOP-VF6HSB6" name="testNG.Tester6" tests="1" failures="0" timestamp="2020-06-03T12:04:34 IST" time="0.012" errors="0">
  <testcase name="m1" time="0.012" classname="testNG.Tester6"/>
  <system-out>
This is  a m1 Method  </system-out>
</testsuite> <!-- testNG.Tester6 -->
