<?xml version="1.0" encoding="UTF-8"?>
<!-- Generated by org.testng.reporters.JUnitReportReporter -->
<testsuite skipped="0" hostname="DESKTOP-VF6HSB6" name="testNG.Tester13" tests="3" failures="0" timestamp="2020-06-03T15:33:11 IST" time="171.026" errors="0">
  <testcase name="login" time="55.238" classname="testNG.Tester13"/>
  <system-out/>
  <testcase name="login" time="55.024" classname="testNG.Tester13"/>
  <system-out/>
  <testcase name="login" time="60.764" classname="testNG.Tester13"/>
  <system-out/>
</testsuite> <!-- testNG.Tester13 -->
