<?xml version="1.0" encoding="UTF-8"?>
<!-- Generated by org.testng.reporters.JUnitReportReporter -->
<testsuite skipped="0" hostname="DESKTOP-VF6HSB6" name="testNG.BaseTest" tests="1" failures="0" timestamp="2020-06-03T12:28:55 IST" time="0.011" errors="0">
  <testcase name="createUser" time="0.011" classname="testNG.BaseTest"/>
  <system-out>
create User  </system-out>
</testsuite> <!-- testNG.BaseTest -->
