<?xml version="1.0" encoding="UTF-8"?>
<!-- Generated by org.testng.reporters.JUnitReportReporter -->
<testsuite skipped="0" hostname="DESKTOP-VF6HSB6" name="testNG.Tester1" tests="1" failures="0" timestamp="2020-05-31T22:42:27 IST" time="0.018" errors="0">
  <testcase name="m1" time="0.018" classname="testNG.Tester1"/>
  <system-out>
This is a mi Method  </system-out>
</testsuite> <!-- testNG.Tester1 -->
