<?xml version="1.0" encoding="UTF-8"?>
<!-- Generated by org.testng.reporters.JUnitReportReporter -->
<testsuite skipped="0" hostname="DESKTOP-VF6HSB6" name="testNG.Tester10" tests="1" failures="0" timestamp="2020-06-03T12:58:20 IST" time="0.015" errors="0">
  <testcase name="login" time="0.015" classname="testNG.Tester10"/>
  <system-out>
login to App = java  </system-out>
</testsuite> <!-- testNG.Tester10 -->
