<?xml version="1.0" encoding="UTF-8"?>
<!-- Generated by org.testng.reporters.JUnitReportReporter -->
<testsuite skipped="0" hostname="DESKTOP-VF6HSB6" name="Tester12" tests="2" failures="0" timestamp="2020-06-03T14:54:43 IST" time="20.822" errors="0">
  <testcase name="login" time="10.381" classname="Tester12"/>
  <system-out/>
  <testcase name="login" time="10.441" classname="Tester12"/>
  <system-out/>
</testsuite> <!-- Tester12 -->
