<?xml version="1.0" encoding="UTF-8"?>
<!-- Generated by org.testng.reporters.JUnitReportReporter -->
<testsuite skipped="0" hostname="DESKTOP-VF6HSB6" name="testNG.Tester3" tests="3" failures="0" timestamp="2020-05-31T23:00:46 IST" time="0.033" errors="0">
  <testcase name="createUser" time="0.017" classname="testNG.Tester3"/>
  <system-out>
create user::userA::123  </system-out>
  <testcase name="createUser" time="0.007" classname="testNG.Tester3"/>
  <system-out>
create user::userA::789  </system-out>
  <testcase name="createUser" time="0.009" classname="testNG.Tester3"/>
  <system-out>
create user::userA::456  </system-out>
</testsuite> <!-- testNG.Tester3 -->
