<?xml version="1.0" encoding="UTF-8"?>
<!-- Generated by org.testng.reporters.JUnitReportReporter -->
<testsuite skipped="0" hostname="DESKTOP-VF6HSB6" name="testNG.Tester17" tests="2" failures="0" timestamp="2020-06-03T16:06:34 IST" time="26.715" errors="0">
  <testcase name="google" time="13.635" classname="testNG.Tester17"/>
  <system-out/>
  <testcase name="skillrary" time="13.080" classname="testNG.Tester17"/>
  <system-out/>
</testsuite> <!-- testNG.Tester17 -->
