<?xml version="1.0" encoding="UTF-8"?>
<!-- Generated by org.testng.reporters.JUnitReportReporter -->
<testsuite skipped="0" hostname="DESKTOP-VF6HSB6" name="Tester7" tests="3" failures="0" timestamp="2020-06-03T12:14:45 IST" time="0.020" errors="0">
  <testcase name="createUser" time="0.011" classname="Tester7"/>
  <system-out>
Create User  </system-out>
  <testcase name="deleteUser" time="0.004" classname="Tester7"/>
  <system-out>
delete User  </system-out>
  <testcase name="createUser" time="0.005" classname="Tester7"/>
  <system-out>
Create User  </system-out>
</testsuite> <!-- Tester7 -->
