<?xml version="1.0" encoding="UTF-8"?>
<!-- Generated by org.testng.reporters.JUnitReportReporter -->
<testsuite skipped="0" hostname="DESKTOP-VF6HSB6" name="testNG.Tester5" tests="3" failures="0" timestamp="2020-06-03T11:55:14 IST" time="0.030" errors="0">
  <testcase name="m3" time="0.025" classname="testNG.Tester5"/>
  <system-out>
This is  a m3 Method  </system-out>
  <testcase name="m2" time="0.002" classname="testNG.Tester5"/>
  <system-out>
This is  a m2 Method  </system-out>
  <testcase name="m1" time="0.003" classname="testNG.Tester5"/>
  <system-out>
This is  a m1 Method  </system-out>
</testsuite> <!-- testNG.Tester5 -->
