<?xml version="1.0" encoding="UTF-8"?>
<!-- Generated by org.testng.reporters.JUnitReportReporter -->
<testsuite skipped="1" hostname="DESKTOP-VF6HSB6" name="testNG.Tester8" tests="2" failures="0" timestamp="2020-06-03T12:40:08 IST" time="0.014" errors="0">
  <testcase name="createUser" time="0.014" classname="testNG.Tester8"/>
  <system-out>
Create User  </system-out>
  <testcase name="deleteUser" classname="testNG.Tester8">
    <skipped/>
  </testcase> <!-- deleteUser -->
  <system-out/>
</testsuite> <!-- testNG.Tester8 -->
