<?xml version="1.0" encoding="UTF-8"?>
<!-- Generated by org.testng.reporters.JUnitReportReporter -->
<testsuite skipped="0" hostname="DESKTOP-VF6HSB6" name="testNG.Tester16" tests="3" failures="0" timestamp="2020-06-03T15:57:19 IST" time="38.798" errors="0">
  <testcase name="google" time="11.593" classname="testNG.Tester16"/>
  <system-out/>
  <testcase name="skillrary" time="16.115" classname="testNG.Tester16"/>
  <system-out/>
  <testcase name="wikipedia" time="11.090" classname="testNG.Tester16"/>
  <system-out/>
</testsuite> <!-- testNG.Tester16 -->
