<?xml version="1.0" encoding="UTF-8"?>
<!-- Generated by org.testng.reporters.JUnitReportReporter -->
<testsuite skipped="0" hostname="DESKTOP-VF6HSB6" name="testNG.Tester2" tests="5" failures="0" timestamp="2020-05-31T22:52:27 IST" time="0.030" errors="0">
  <testcase name="m1" time="0.003" classname="testNG.Tester2"/>
  <system-out>
This is a m1() Method  </system-out>
  <testcase name="m1" time="0.003" classname="testNG.Tester2"/>
  <system-out>
This is a m1() Method  </system-out>
  <testcase name="m1" time="0.003" classname="testNG.Tester2"/>
  <system-out>
This is a m1() Method  </system-out>
  <testcase name="m1" time="0.014" classname="testNG.Tester2"/>
  <system-out>
This is a m1() Method  </system-out>
  <testcase name="m1" time="0.007" classname="testNG.Tester2"/>
  <system-out>
This is a m1() Method  </system-out>
</testsuite> <!-- testNG.Tester2 -->
