<?xml version="1.0" encoding="UTF-8"?>
<!-- Generated by org.testng.reporters.JUnitReportReporter -->
<testsuite skipped="0" hostname="DESKTOP-VF6HSB6" name="testNG.Tester15" tests="1" failures="0" timestamp="2020-06-03T15:45:17 IST" time="15.049" errors="0">
  <testcase name="google" time="15.049" classname="testNG.Tester15"/>
  <system-out/>
</testsuite> <!-- testNG.Tester15 -->
